
================================================================
======== txAdmin Starting - 8/10/2022, 1:43:16 PM               
================================================================
[1:46:17 PM] txAdmin: Logger started
[1:46:47 PM] txAdmin: Logger started
[1:48:00 PM] txAdmin: Logger started
[1:53:36 PM] txAdmin: Logger started
[1:54:29 PM] txAdmin: Logger started
[1:54:44 PM] txAdmin: Logger started
[1:55:56 PM] txAdmin: Logger started
[1:57:32 PM] txAdmin: Logger started
[2:02:24 PM] txAdmin: Logger started
[2:02:31 PM] [iAEdy#1] Jinny Quilute: joined with identifiers [steam:110000132f234fa; license:cbd6afef91d98c4cad698e8b1e49a0163151a5b9; xbl:2535425389287315; live:1759218702035097; discord:767338339451273227; license2:cbd6afef91d98c4cad698e8b1e49a0163151a5b9]
[2:06:25 PM] [iAEdy#1] Jinny Quilute: said "dsa"
[2:07:41 PM] [iAEdy#1] Jinny Quilute: disconnected (Exiting)
[2:09:53 PM] txAdmin: Logger started
[2:11:11 PM] [ByM6i#1] Jinny Quilute: joined with identifiers [steam:110000132f234fa; license:cbd6afef91d98c4cad698e8b1e49a0163151a5b9; xbl:2535425389287315; live:1759218702035097; discord:767338339451273227; license2:cbd6afef91d98c4cad698e8b1e49a0163151a5b9]
[2:19:16 PM] [ByM6i#1] Jinny Quilute: disconnected (Server shutting down: Server restarting (thanawat2002).)
[2:19:24 PM] txAdmin: Logger started
[2:19:50 PM] [mYqcm#1] Jinny Quilute: joined with identifiers [steam:110000132f234fa; license:cbd6afef91d98c4cad698e8b1e49a0163151a5b9; xbl:2535425389287315; live:1759218702035097; discord:767338339451273227; license2:cbd6afef91d98c4cad698e8b1e49a0163151a5b9]
[2:20:47 PM] [mYqcm#1] Jinny Quilute: said "dsa"
[2:25:03 PM] [mYqcm#1] Jinny Quilute: said "/twt ประกาศ"
[2:25:05 PM] [mYqcm#1] Jinny Quilute: said "/twt ประกาศ"
[2:25:14 PM] [mYqcm#1] Jinny Quilute: said "/ooc"
[2:25:20 PM] [mYqcm#1] Jinny Quilute: said "กหฟกหฟ"
[2:25:22 PM] [mYqcm#1] Jinny Quilute: said "กหฟกหฟ"
[2:26:01 PM] [mYqcm#1] Jinny Quilute: said "dsadsagdj"
[2:30:12 PM] [mYqcm#1] Jinny Quilute: disconnected (Couldn't load resource esx_rpchat: Couldn't load resource esx_rpchat from resources:/esx_rpchat/: Co)
[2:30:34 PM] txAdmin: Logger started
[2:30:48 PM] [Bpyff#1] Jinny Quilute: joined with identifiers [steam:110000132f234fa; license:cbd6afef91d98c4cad698e8b1e49a0163151a5b9; xbl:2535425389287315; live:1759218702035097; discord:767338339451273227; license2:cbd6afef91d98c4cad698e8b1e49a0163151a5b9]
[2:31:17 PM] [Bpyff#1] Jinny Quilute: said "/test"
[2:31:41 PM] [Bpyff#1] Jinny Quilute: said "/test"
[2:31:46 PM] [Bpyff#1] Jinny Quilute: said "dsadsa"
[3:18:41 PM] [Bpyff#1] Jinny Quilute: disconnected (Server shutting down: Server restarting (thanawat2002).)
[3:18:49 PM] txAdmin: Logger started
[3:19:23 PM] [UGq7b#1] Jinny Quilute: joined with identifiers [steam:110000132f234fa; license:cbd6afef91d98c4cad698e8b1e49a0163151a5b9; xbl:2535425389287315; live:1759218702035097; discord:787174567952646186; license2:cbd6afef91d98c4cad698e8b1e49a0163151a5b9]
[4:12:58 PM] [UGq7b#1] Jinny Quilute: disconnected (Server shutting down: Server restarting (thanawat2002).)
[4:13:05 PM] txAdmin: Logger started
[4:13:53 PM] [WddEM#1] Jinny Quilute: joined with identifiers [steam:110000132f234fa; license:cbd6afef91d98c4cad698e8b1e49a0163151a5b9; xbl:2535425389287315; live:1759218702035097; discord:767338339451273227; license2:cbd6afef91d98c4cad698e8b1e49a0163151a5b9]
[5:02:39 PM] [WddEM#1] Jinny Quilute: died from suicide (Falling)

================================================================
======== txAdmin Starting - 8/10/2022, 9:15:02 PM               
================================================================
[9:15:12 PM] txAdmin: Logger started
